<?xml version="1.0" encoding="UTF-8"?>
<!-- Generated by org.testng.reporters.JUnitReportReporter -->
<testsuite hostname="Saroshs-Mac147---13-inch-2022-M2-16GB.local" failures="0" tests="2" name="com.selenium.framework.tests.LoginTest" time="11.058" errors="0" timestamp="2025-05-03T22:00:21 GMT+08:00" skipped="0">
  <testcase classname="com.selenium.framework.tests.LoginTest" name="testSuccessfulLogin" time="8.196"/>
  <testcase classname="com.selenium.framework.tests.LoginTest" name="testInvalidLogin" time="2.862"/>
</testsuite> <!-- com.selenium.framework.tests.LoginTest -->
