<?xml version="1.0" encoding="UTF-8"?>
<!-- Generated by org.testng.reporters.JUnitReportReporter -->
<testsuite hostname="Saroshs-Mac147---13-inch-2022-M2-16GB.local" failures="0" tests="2" name="com.selenium.framework.tests.LoginTest" time="17.679" errors="0" timestamp="2025-05-04T17:23:33 GMT+08:00" skipped="0">
  <testcase classname="com.selenium.framework.tests.LoginTest" name="testInvalidLogin" time="10.277"/>
  <testcase classname="com.selenium.framework.tests.LoginTest" name="testSuccessfulLogin" time="7.402"/>
</testsuite> <!-- com.selenium.framework.tests.LoginTest -->
